2024-12-03 11:37:01.248 00001 [INF] **************************************************************************
2024-12-03 11:37:01.270 00001 [INF] 
2024-12-03 11:37:01.272 00001 [INF]                        EPG.grabber  1.23.9.20
2024-12-03 11:37:01.279 00001 [INF] 
2024-12-03 11:37:01.280 00001 [INF] **************************************************************************
2024-12-03 11:37:01.281 00001 [INF] Start time: "2024-12-03T11:37:01.2809854+02:00"
2024-12-03 11:37:01.282 00001 [INF] Command line arguments: extract-params -i start.bg -t ..\config\templates\
2024-12-03 11:37:01.353 00001 [INF] Setting file log level to "-1". Console is set to "Information"
2024-12-03 11:37:01.580 00001 [INF] Using template start.bg
2024-12-03 11:37:01.584 00001 [DBG] Loading template from file: C:\Users\HGenev\Git\harrygg\EPG\config\templates\start.bg.template.yaml
2024-12-03 11:37:01.672 00011 [VRB] Searching for parameters in string: yyyy-MM-dd
2024-12-03 11:37:01.673 00011 [VRB] No parameters found
2024-12-03 11:37:01.674 00011 [VRB] Searching for parameters in string: https://www.start.bg/lenta/tv-programa//tv/show/channel/${channelId}/${date}/0
2024-12-03 11:37:01.680 00011 [VRB] 2 parameters extracted: channelId, date
2024-12-03 11:37:01.685 00011 [VRB] Searching for parameters in string: .tv-dlist > li
2024-12-03 11:37:01.685 00011 [VRB] No parameters found
2024-12-03 11:37:01.687 00011 [VRB] Searching for parameters in string: .time
2024-12-03 11:37:01.688 00011 [VRB] No parameters found
2024-12-03 11:37:01.689 00011 [VRB] Searching for parameters in string: .title
2024-12-03 11:37:01.689 00011 [VRB] No parameters found
2024-12-03 11:37:01.703 00011 [VRB] Created and activated a new parameters storage 'start.bg'
2024-12-03 11:37:01.717 00011 [ERR] Object reference not set to an instance of an object.
2024-12-03 11:37:01.722 00011 [INF] End time "2024-12-03T11:37:01.7221494+02:00"
2024-12-03 11:37:01.724 00011 [INF] Execution time: "00:00:00.4411640"
